<?xml version="1.0" encoding="UTF-8"?>
<testng-results ignored="0" total="1" passed="1" failed="0" skipped="0">
  <reporter-output>
  </reporter-output>
  <suite started-at="2022-03-27T10:46:43 IST" name="Suite" finished-at="2022-03-27T10:47:00 IST" duration-ms="17256">
    <groups>
    </groups>
    <test started-at="2022-03-27T10:46:43 IST" name="Test" finished-at="2022-03-27T10:47:00 IST" duration-ms="17256">
      <class name="testcases.CreatePortfolioTest">
        <test-method signature="createPortFolioTest()[pri:0, instance:testcases.CreatePortfolioTest@157853da]" started-at="2022-03-27T10:46:43 IST" name="createPortFolioTest" finished-at="2022-03-27T10:47:00 IST" duration-ms="17087" status="PASS">
          <reporter-output>
          </reporter-output>
        </test-method> <!-- createPortFolioTest -->
      </class> <!-- testcases.CreatePortfolioTest -->
    </test> <!-- Test -->
  </suite> <!-- Suite -->
</testng-results>
