<?xml version="1.0" encoding="UTF-8"?>
<testng-results ignored="0" total="1" passed="1" failed="0" skipped="0">
  <reporter-output>
  </reporter-output>
  <suite started-at="2022-03-26T12:49:48 IST" name="Default suite" finished-at="2022-03-26T12:49:57 IST" duration-ms="8793">
    <groups>
    </groups>
    <test started-at="2022-03-26T12:49:48 IST" name="Default test" finished-at="2022-03-26T12:49:57 IST" duration-ms="8793">
      <class name="testcases.CreatePortfolioTest">
        <test-method signature="createPortFolioTest()[pri:0, instance:testcases.CreatePortfolioTest@2fb3536e]" started-at="2022-03-26T12:49:48 IST" name="createPortFolioTest" finished-at="2022-03-26T12:49:57 IST" duration-ms="8656" status="PASS">
          <reporter-output>
          </reporter-output>
        </test-method> <!-- createPortFolioTest -->
      </class> <!-- testcases.CreatePortfolioTest -->
    </test> <!-- Default test -->
  </suite> <!-- Default suite -->
</testng-results>
